build/intermediates/manifest_merge_blame_file/debug/manifest-merger-blame-debug-report.txt
1<?xml version="1.0" encoding="utf-8"?>
2<manifest xmlns:android="http://schemas.android.com/apk/res/android"
3    package="com.saltechdigital.pizzeria"
4    android:versionCode="1"
5    android:versionName="1.0" >
6
7    <uses-sdk
8        android:minSdkVersion="19"
8-->src\main\AndroidManifest.xml
9        android:targetSdkVersion="28" />
9-->src\main\AndroidManifest.xml
10    <!--
11         The ACCESS_COARSE/FINE_LOCATION permissions are not required to use
12         Google Maps Android API v2, but you must specify either coarse or fine
13         location permissions for the 'MyLocation' functionality.
14    -->
15    <uses-permission android:name="android.permission.ACCESS_FINE_LOCATION" />
15-->src\main\AndroidManifest.xml:10:5-79
15-->src\main\AndroidManifest.xml:10:22-76
16    <uses-permission android:name="android.permission.ACCESS_COARSE_LOCATION" />
16-->src\main\AndroidManifest.xml:11:5-81
16-->src\main\AndroidManifest.xml:11:22-78
17    <uses-permission
17-->src\main\AndroidManifest.xml:12:5-14:38
18        android:name="android.permission.AUTHENTICATE_ACCOUNTS"
18-->src\main\AndroidManifest.xml:13:9-64
19        android:maxSdkVersion="22" />
19-->src\main\AndroidManifest.xml:14:9-35
20    <uses-permission
20-->src\main\AndroidManifest.xml:15:5-17:38
21        android:name="android.permission.MANAGE_ACCOUNTS"
21-->src\main\AndroidManifest.xml:16:9-58
22        android:maxSdkVersion="22" />
22-->src\main\AndroidManifest.xml:17:9-35
23    <uses-permission android:name="android.permission.INTERNET" />
23-->src\main\AndroidManifest.xml:19:5-67
23-->src\main\AndroidManifest.xml:19:22-64
24    <uses-permission android:name="android.permission.USE_CREDENTIALS" />
24-->src\main\AndroidManifest.xml:20:5-74
24-->src\main\AndroidManifest.xml:20:22-71
25    <uses-permission android:name="android.permission.GET_ACCOUNTS" />
25-->src\main\AndroidManifest.xml:21:5-71
25-->src\main\AndroidManifest.xml:21:22-68
26    <uses-permission android:name="android.permission.CAMERA" />
26-->src\main\AndroidManifest.xml:22:5-65
26-->src\main\AndroidManifest.xml:22:22-62
27    <uses-permission android:name="android.permission.READ_PROFILE" />
27-->src\main\AndroidManifest.xml:23:5-71
27-->src\main\AndroidManifest.xml:23:22-68
28    <uses-permission android:name="android.permission.READ_CONTACTS" />
28-->src\main\AndroidManifest.xml:24:5-72
28-->src\main\AndroidManifest.xml:24:22-69
29    <uses-permission android:name="android.permission.WRITE_EXTERNAL_STORAGE" />
29-->src\main\AndroidManifest.xml:25:5-81
29-->src\main\AndroidManifest.xml:25:22-78
30    <uses-permission android:name="android.permission.READ_EXTERNAL_STORAGE" />
30-->src\main\AndroidManifest.xml:26:5-80
30-->src\main\AndroidManifest.xml:26:22-77
31    <uses-permission android:name="android.permission.ACCESS_NETWORK_STATE" />
31-->src\main\AndroidManifest.xml:27:5-79
31-->src\main\AndroidManifest.xml:27:22-76
32    <uses-permission android:name="android.permission.WAKE_LOCK" />
32-->src\main\AndroidManifest.xml:28:5-68
32-->src\main\AndroidManifest.xml:28:22-65
33    <uses-permission android:name="android.permission.RECEIVE_BOOT_COMPLETED" />
33-->src\main\AndroidManifest.xml:29:5-81
33-->src\main\AndroidManifest.xml:29:22-78
34    <uses-permission android:name="android.permission.VIBRATE" />
34-->src\main\AndroidManifest.xml:30:5-66
34-->src\main\AndroidManifest.xml:30:22-63
35    <uses-permission android:name="android.permission.REQUEST_IGNORE_BATTERY_OPTIMIZATIONS" />
35-->src\main\AndroidManifest.xml:31:5-95
35-->src\main\AndroidManifest.xml:31:22-92
36    <uses-permission android:name="android.permission.READ_PHONE_STATE" />
36-->src\main\AndroidManifest.xml:32:5-75
36-->src\main\AndroidManifest.xml:32:22-72
37
38    <uses-feature
38-->src\main\AndroidManifest.xml:34:5-36:35
39        android:name="android.hardware.camera2"
39-->src\main\AndroidManifest.xml:35:9-48
40        android:required="true" />
40-->src\main\AndroidManifest.xml:36:9-32
41
42    <uses-permission android:name="android.permission.ACCESS_WIFI_STATE" />
42-->[com.google.android.libraries.places:places:1.1.0] AndroidManifest.xml:10:5-76
42-->[com.google.android.libraries.places:places:1.1.0] AndroidManifest.xml:10:22-73
43
44    <uses-feature
44-->[com.google.android.gms:play-services-maps:16.1.0] AndroidManifest.xml:26:5-28:35
45        android:glEsVersion="0x00020000"
45-->[com.google.android.gms:play-services-maps:16.1.0] AndroidManifest.xml:27:9-41
46        android:required="true" /> <!-- Required by older versions of Google Play services to create IID tokens -->
46-->[com.google.android.gms:play-services-maps:16.1.0] AndroidManifest.xml:28:9-32
47    <uses-permission android:name="com.google.android.c2dm.permission.RECEIVE" />
47-->[com.google.firebase:firebase-iid:18.0.0] AndroidManifest.xml:26:5-82
47-->[com.google.firebase:firebase-iid:18.0.0] AndroidManifest.xml:26:22-79
48    <uses-permission android:name="com.google.android.finsky.permission.BIND_GET_INSTALL_REFERRER_SERVICE" />
48-->[com.google.android.gms:play-services-measurement:16.5.0] AndroidManifest.xml:26:5-110
48-->[com.google.android.gms:play-services-measurement:16.5.0] AndroidManifest.xml:26:22-107
49
50    <application
50-->src\main\AndroidManifest.xml:38:5-236:19
51        android:name="com.saltechdigital.pizzeria.Application"
51-->src\main\AndroidManifest.xml:39:9-36
52        android:allowBackup="true"
52-->src\main\AndroidManifest.xml:40:9-35
53        android:appComponentFactory="androidx.core.app.CoreComponentFactory"
53-->[androidx.core:core:1.1.0] AndroidManifest.xml:24:18-86
54        android:debuggable="true"
55        android:hardwareAccelerated="true"
55-->src\main\AndroidManifest.xml:41:9-43
56        android:icon="@mipmap/ic_launcherer"
56-->src\main\AndroidManifest.xml:42:9-45
57        android:label="@string/app_name"
57-->src\main\AndroidManifest.xml:43:9-41
58        android:largeHeap="true"
58-->[com.fxn769:pix:1.3.0] AndroidManifest.xml:17:9-33
59        android:roundIcon="@mipmap/ic_launcherer_round"
59-->src\main\AndroidManifest.xml:44:9-56
60        android:supportsRtl="true"
60-->src\main\AndroidManifest.xml:45:9-35
61        android:testOnly="true"
62        android:theme="@style/AppTheme"
62-->src\main\AndroidManifest.xml:47:9-40
63        android:usesCleartextTraffic="true" >
63-->src\main\AndroidManifest.xml:46:9-44
64        <activity android:name="com.saltechdigital.pizzeria.WebviewInAppActivity" />
64-->src\main\AndroidManifest.xml:49:9-67
64-->src\main\AndroidManifest.xml:49:19-55
65        <!--
66             The API key for Google Maps-based APIs is defined as a string resource.
67             (See the file "res/values/google_maps_api.xml").
68             Note that the API key is linked to the encryption key used to sign the APK.
69             You need a different API key for each encryption key, including the release key that is used to
70             sign the APK for publishing.
71             You can define the keys for the debug and release targets in src/debug/ and src/release/.
72        -->
73        <meta-data
73-->src\main\AndroidManifest.xml:58:9-60:55
74            android:name="com.google.android.geo.API_KEY"
74-->src\main\AndroidManifest.xml:59:13-58
75            android:value="@string/google_maps_key" />
75-->src\main\AndroidManifest.xml:60:13-52
76
77        <activity
77-->src\main\AndroidManifest.xml:62:9-69:20
78            android:name="com.saltechdigital.pizzeria.TrackLocationActivity"
78-->src\main\AndroidManifest.xml:63:13-50
79            android:label="@string/title_activity_track_location"
79-->src\main\AndroidManifest.xml:64:13-66
80            android:parentActivityName="com.saltechdigital.pizzeria.OrderActivity" >
80-->src\main\AndroidManifest.xml:65:13-56
81            <meta-data
81-->src\main\AndroidManifest.xml:66:13-68:77
82                android:name="android.support.PARENT_ACTIVITY"
82-->src\main\AndroidManifest.xml:67:17-63
83                android:value="com.saltechdigital.pizzeria.OrderActivity" />
83-->src\main\AndroidManifest.xml:68:17-74
84        </activity>
85        <activity
85-->src\main\AndroidManifest.xml:70:9-77:20
86            android:name="com.saltechdigital.pizzeria.ValidLivraisonActivity"
86-->src\main\AndroidManifest.xml:71:13-51
87            android:label="@string/valid_label"
87-->src\main\AndroidManifest.xml:72:13-48
88            android:parentActivityName="com.saltechdigital.pizzeria.OrderActivity" >
88-->src\main\AndroidManifest.xml:73:13-56
89            <meta-data
89-->src\main\AndroidManifest.xml:66:13-68:77
90                android:name="android.support.PARENT_ACTIVITY"
90-->src\main\AndroidManifest.xml:67:17-63
91                android:value="com.saltechdigital.pizzeria.OrderActivity" />
91-->src\main\AndroidManifest.xml:68:17-74
92        </activity>
93        <activity
93-->src\main\AndroidManifest.xml:78:9-85:20
94            android:name="com.saltechdigital.pizzeria.DeliverLocationActivity"
94-->src\main\AndroidManifest.xml:79:13-52
95            android:label="@string/title_activity_deliver_location"
95-->src\main\AndroidManifest.xml:80:13-68
96            android:parentActivityName="com.saltechdigital.pizzeria.OrderActivity" >
96-->src\main\AndroidManifest.xml:81:13-56
97            <meta-data
97-->src\main\AndroidManifest.xml:66:13-68:77
98                android:name="android.support.PARENT_ACTIVITY"
98-->src\main\AndroidManifest.xml:67:17-63
99                android:value="com.saltechdigital.pizzeria.OrderActivity" />
99-->src\main\AndroidManifest.xml:68:17-74
100        </activity>
101        <activity
101-->src\main\AndroidManifest.xml:86:9-92:20
102            android:name="com.saltechdigital.pizzeria.TimeLineActivityJ"
102-->src\main\AndroidManifest.xml:87:13-46
103            android:parentActivityName="com.saltechdigital.pizzeria.OrderActivity" >
103-->src\main\AndroidManifest.xml:88:13-56
104            <meta-data
104-->src\main\AndroidManifest.xml:66:13-68:77
105                android:name="android.support.PARENT_ACTIVITY"
105-->src\main\AndroidManifest.xml:67:17-63
106                android:value="com.saltechdigital.pizzeria.OrderActivity" />
106-->src\main\AndroidManifest.xml:68:17-74
107        </activity>
108        <activity android:name="com.saltechdigital.pizzeria.TimeLineActivity" />
108-->src\main\AndroidManifest.xml:93:9-54
108-->src\main\AndroidManifest.xml:93:19-51
109        <activity
109-->src\main\AndroidManifest.xml:94:9-100:20
110            android:name="com.saltechdigital.pizzeria.ViewLivraisonListActivity"
110-->src\main\AndroidManifest.xml:95:13-54
111            android:parentActivityName="com.saltechdigital.pizzeria.PrincipaleActivity" >
111-->src\main\AndroidManifest.xml:96:13-61
112            <meta-data
112-->src\main\AndroidManifest.xml:66:13-68:77
113                android:name="android.support.PARENT_ACTIVITY"
113-->src\main\AndroidManifest.xml:67:17-63
114                android:value="com.saltechdigital.pizzeria.PrincipaleActivity" />
114-->src\main\AndroidManifest.xml:68:17-74
115        </activity>
116        <activity
116-->src\main\AndroidManifest.xml:101:9-104:59
117            android:name="com.saltechdigital.pizzeria.ScrollingActivity"
117-->src\main\AndroidManifest.xml:102:13-46
118            android:label="@string/title_activity_scrolling"
118-->src\main\AndroidManifest.xml:103:13-61
119            android:theme="@style/AppTheme.NoActionBar" />
119-->src\main\AndroidManifest.xml:104:13-56
120        <activity
120-->src\main\AndroidManifest.xml:105:9-111:20
121            android:name="com.saltechdigital.pizzeria.ProfileActivity"
121-->src\main\AndroidManifest.xml:106:13-44
122            android:parentActivityName="com.saltechdigital.pizzeria.PrincipaleActivity" >
122-->src\main\AndroidManifest.xml:107:13-61
123            <meta-data
123-->src\main\AndroidManifest.xml:66:13-68:77
124                android:name="android.support.PARENT_ACTIVITY"
124-->src\main\AndroidManifest.xml:67:17-63
125                android:value="com.saltechdigital.pizzeria.PrincipaleActivity" />
125-->src\main\AndroidManifest.xml:68:17-74
126        </activity>
127        <activity
127-->src\main\AndroidManifest.xml:112:9-119:20
128            android:name="com.saltechdigital.pizzeria.BillActivity"
128-->src\main\AndroidManifest.xml:113:13-41
129            android:label="@string/payments"
129-->src\main\AndroidManifest.xml:114:13-45
130            android:parentActivityName="com.saltechdigital.pizzeria.PrincipaleActivity" >
130-->src\main\AndroidManifest.xml:115:13-61
131            <meta-data
131-->src\main\AndroidManifest.xml:66:13-68:77
132                android:name="android.support.PARENT_ACTIVITY"
132-->src\main\AndroidManifest.xml:67:17-63
133                android:value="com.saltechdigital.pizzeria.PrincipaleActivity" />
133-->src\main\AndroidManifest.xml:68:17-74
134        </activity>
135        <activity
135-->src\main\AndroidManifest.xml:120:9-126:20
136            android:name="com.saltechdigital.pizzeria.OrderActivity"
136-->src\main\AndroidManifest.xml:121:13-42
137            android:parentActivityName="com.saltechdigital.pizzeria.PrincipaleActivity" >
137-->src\main\AndroidManifest.xml:122:13-61
138            <meta-data
138-->src\main\AndroidManifest.xml:66:13-68:77
139                android:name="android.support.PARENT_ACTIVITY"
139-->src\main\AndroidManifest.xml:67:17-63
140                android:value="com.saltechdigital.pizzeria.PrincipaleActivity" />
140-->src\main\AndroidManifest.xml:68:17-74
141        </activity>
142        <activity
142-->src\main\AndroidManifest.xml:127:9-135:20
143            android:name="com.saltechdigital.pizzeria.SettingsActivity"
143-->src\main\AndroidManifest.xml:128:13-45
144            android:label="@string/title_activity_settings"
144-->src\main\AndroidManifest.xml:129:13-60
145            android:parentActivityName="com.saltechdigital.pizzeria.PrincipaleActivity"
145-->src\main\AndroidManifest.xml:131:13-61
146            android:theme="@style/AppTheme.ActionBar" >
146-->src\main\AndroidManifest.xml:130:13-54
147            <meta-data
147-->src\main\AndroidManifest.xml:66:13-68:77
148                android:name="android.support.PARENT_ACTIVITY"
148-->src\main\AndroidManifest.xml:67:17-63
149                android:value="com.saltechdigital.pizzeria.PrincipaleActivity" />
149-->src\main\AndroidManifest.xml:68:17-74
150        </activity>
151        <activity
151-->src\main\AndroidManifest.xml:136:9-143:20
152            android:name="com.saltechdigital.pizzeria.AboutActivity"
152-->src\main\AndroidManifest.xml:137:13-42
153            android:label="@string/about"
153-->src\main\AndroidManifest.xml:138:13-42
154            android:parentActivityName="com.saltechdigital.pizzeria.PrincipaleActivity" >
154-->src\main\AndroidManifest.xml:139:13-61
155            <meta-data
155-->src\main\AndroidManifest.xml:66:13-68:77
156                android:name="android.support.PARENT_ACTIVITY"
156-->src\main\AndroidManifest.xml:67:17-63
157                android:value="com.saltechdigital.pizzeria.PrincipaleActivity" />
157-->src\main\AndroidManifest.xml:68:17-74
158        </activity>
159        <activity
159-->src\main\AndroidManifest.xml:144:9-151:20
160            android:name="com.saltechdigital.pizzeria.NotificationActivity"
160-->src\main\AndroidManifest.xml:145:13-49
161            android:label="@string/menu_notifications"
161-->src\main\AndroidManifest.xml:146:13-55
162            android:parentActivityName="com.saltechdigital.pizzeria.PrincipaleActivity" >
162-->src\main\AndroidManifest.xml:147:13-61
163            <meta-data
163-->src\main\AndroidManifest.xml:66:13-68:77
164                android:name="android.support.PARENT_ACTIVITY"
164-->src\main\AndroidManifest.xml:67:17-63
165                android:value="com.saltechdigital.pizzeria.PrincipaleActivity" />
165-->src\main\AndroidManifest.xml:68:17-74
166        </activity>
167        <activity
167-->src\main\AndroidManifest.xml:152:9-159:20
168            android:name="com.saltechdigital.pizzeria.PaymentWayActivity"
168-->src\main\AndroidManifest.xml:153:13-47
169            android:label="@string/payment_way_title"
169-->src\main\AndroidManifest.xml:154:13-54
170            android:parentActivityName="com.saltechdigital.pizzeria.PrincipaleActivity" >
170-->src\main\AndroidManifest.xml:155:13-61
171            <meta-data
171-->src\main\AndroidManifest.xml:66:13-68:77
172                android:name="android.support.PARENT_ACTIVITY"
172-->src\main\AndroidManifest.xml:67:17-63
173                android:value=".PrincipaleActivity" />
173-->src\main\AndroidManifest.xml:68:17-74
174        </activity>
175        <activity
175-->src\main\AndroidManifest.xml:160:9-166:20
176            android:name="com.saltechdigital.pizzeria.SavedAddressActivity"
176-->src\main\AndroidManifest.xml:161:13-49
177            android:parentActivityName="com.saltechdigital.pizzeria.PrincipaleActivity" >
177-->src\main\AndroidManifest.xml:162:13-61
178            <meta-data
178-->src\main\AndroidManifest.xml:66:13-68:77
179                android:name="android.support.PARENT_ACTIVITY"
179-->src\main\AndroidManifest.xml:67:17-63
180                android:value=".PrincipaleActivity" />
180-->src\main\AndroidManifest.xml:68:17-74
181        </activity>
182        <activity
182-->src\main\AndroidManifest.xml:167:9-173:20
183            android:name="com.saltechdigital.pizzeria.LocationActivity"
183-->src\main\AndroidManifest.xml:168:13-45
184            android:label="@string/title_activity_location" >
184-->src\main\AndroidManifest.xml:169:13-60
185            <meta-data
185-->src\main\AndroidManifest.xml:170:13-172:54
186                android:name="android.app.searchable"
186-->src\main\AndroidManifest.xml:171:17-54
187                android:resource="@xml/searchable" />
187-->src\main\AndroidManifest.xml:172:17-51
188        </activity>
189        <activity
189-->src\main\AndroidManifest.xml:174:9-183:20
190            android:name="com.saltechdigital.pizzeria.CreateLivraisonActivity"
190-->src\main\AndroidManifest.xml:175:13-52
191            android:label="@string/title_activity_create_livraison"
191-->src\main\AndroidManifest.xml:176:13-68
192            android:parentActivityName="com.saltechdigital.pizzeria.PrincipaleActivity" >
192-->src\main\AndroidManifest.xml:177:13-61
193
194            <!-- Parent activity meta-data to support 4.0 and lower -->
195            <meta-data
195-->src\main\AndroidManifest.xml:66:13-68:77
196                android:name="android.support.PARENT_ACTIVITY"
196-->src\main\AndroidManifest.xml:67:17-63
197                android:value=".PrincipaleActivity" />
197-->src\main\AndroidManifest.xml:68:17-74
198        </activity>
199        <activity
199-->src\main\AndroidManifest.xml:184:9-187:59
200            android:name="com.saltechdigital.pizzeria.PrincipaleActivity"
200-->src\main\AndroidManifest.xml:185:13-47
201            android:label="@string/title_activity_principale"
201-->src\main\AndroidManifest.xml:186:13-62
202            android:theme="@style/AppTheme.NoActionBar" />
202-->src\main\AndroidManifest.xml:187:13-56
203        <activity android:name="com.saltechdigital.pizzeria.ConnexionActivity" />
203-->src\main\AndroidManifest.xml:188:9-55
203-->src\main\AndroidManifest.xml:188:19-52
204        <activity
204-->src\main\AndroidManifest.xml:189:9-191:60
205            android:name="com.saltechdigital.pizzeria.LoginActivity"
205-->src\main\AndroidManifest.xml:190:13-42
206            android:label="@string/title_activity_login" />
206-->src\main\AndroidManifest.xml:191:13-57
207        <activity android:name="com.saltechdigital.pizzeria.InscriptionActivity" />
207-->src\main\AndroidManifest.xml:192:9-57
207-->src\main\AndroidManifest.xml:192:19-54
208        <activity
208-->src\main\AndroidManifest.xml:193:9-200:20
209            android:name="com.saltechdigital.pizzeria.VerificationActivity"
209-->src\main\AndroidManifest.xml:194:13-49
210            android:label="@string/title_activity_verification"
210-->src\main\AndroidManifest.xml:195:13-64
211            android:parentActivityName="com.saltechdigital.pizzeria.CheckAuthActivity" >
211-->src\main\AndroidManifest.xml:196:13-60
212            <meta-data
212-->src\main\AndroidManifest.xml:66:13-68:77
213                android:name="android.support.PARENT_ACTIVITY"
213-->src\main\AndroidManifest.xml:67:17-63
214                android:value="com.saltechdigital.pizzeria.CheckAuthActivity" />
214-->src\main\AndroidManifest.xml:68:17-74
215        </activity>
216        <activity android:name="com.saltechdigital.pizzeria.CheckAuthActivity" >
216-->src\main\AndroidManifest.xml:201:9-207:20
216-->src\main\AndroidManifest.xml:201:19-52
217            <intent-filter>
217-->src\main\AndroidManifest.xml:202:13-206:29
218                <action android:name="android.intent.action.MAIN" />
218-->src\main\AndroidManifest.xml:203:17-69
218-->src\main\AndroidManifest.xml:203:25-66
219
220                <category android:name="android.intent.category.LAUNCHER" />
220-->src\main\AndroidManifest.xml:205:17-77
220-->src\main\AndroidManifest.xml:205:27-74
221            </intent-filter>
222        </activity>
223        <activity android:name="com.saltechdigital.pizzeria.IntroActivity" />
223-->src\main\AndroidManifest.xml:208:9-51
223-->src\main\AndroidManifest.xml:208:19-48
224
225        <meta-data
225-->src\main\AndroidManifest.xml:210:9-212:69
226            android:name="com.google.android.gms.version"
226-->src\main\AndroidManifest.xml:211:13-58
227            android:value="@integer/google_play_services_version" />
227-->src\main\AndroidManifest.xml:212:13-66
228
229        <provider
229-->src\main\AndroidManifest.xml:214:9-217:40
230            android:name="com.saltechdigital.pizzeria.contentProvider.PlacesSuggestionProvider"
230-->src\main\AndroidManifest.xml:215:13-69
231            android:authorities="com.example.google.places.search_suggestion_provider"
231-->src\main\AndroidManifest.xml:216:13-87
232            android:syncable="false" />
232-->src\main\AndroidManifest.xml:217:13-37
233
234        <service
234-->src\main\AndroidManifest.xml:219:9-230:19
235            android:name="com.saltechdigital.pizzeria.tasks.AccountTypeService"
235-->src\main\AndroidManifest.xml:220:13-53
236            android:enabled="true"
236-->src\main\AndroidManifest.xml:221:13-35
237            android:exported="true" >
237-->src\main\AndroidManifest.xml:222:13-36
238            <intent-filter>
238-->src\main\AndroidManifest.xml:223:13-225:29
239                <action android:name="android.accounts.AccountAuthenticator" />
239-->src\main\AndroidManifest.xml:224:17-80
239-->src\main\AndroidManifest.xml:224:25-77
240            </intent-filter>
241
242            <meta-data
242-->src\main\AndroidManifest.xml:227:13-229:57
243                android:name="android.accounts.AccountAuthenticator"
243-->src\main\AndroidManifest.xml:228:17-69
244                android:resource="@xml/authenticator" />
244-->src\main\AndroidManifest.xml:229:17-54
245        </service>
246        <service android:name="com.saltechdigital.pizzeria.tasks.NotificationService" >
246-->src\main\AndroidManifest.xml:231:9-235:19
246-->src\main\AndroidManifest.xml:231:18-59
247            <intent-filter>
247-->src\main\AndroidManifest.xml:232:13-234:29
248                <action android:name="com.google.firebase.MESSAGING_EVENT" />
248-->src\main\AndroidManifest.xml:233:17-78
248-->src\main\AndroidManifest.xml:233:25-75
249            </intent-filter>
250        </service>
251        <!-- Autocomplete -->
252        <activity
252-->[com.google.android.libraries.places:places:1.1.0] AndroidManifest.xml:16:9-23:20
253            android:name="com.google.android.libraries.places.widget.AutocompleteActivity"
253-->[com.google.android.libraries.places:places:1.1.0] AndroidManifest.xml:17:13-91
254            android:exported="false"
254-->[com.google.android.libraries.places:places:1.1.0] AndroidManifest.xml:18:13-37
255            android:hardwareAccelerated="true"
255-->[com.google.android.libraries.places:places:1.1.0] AndroidManifest.xml:19:13-47
256            android:label="@string/places_autocomplete_label"
256-->[com.google.android.libraries.places:places:1.1.0] AndroidManifest.xml:20:13-62
257            android:theme="@style/PlacesAutocompleteThemeOverlay"
257-->[com.google.android.libraries.places:places:1.1.0] AndroidManifest.xml:21:13-66
258            android:windowSoftInputMode="stateAlwaysVisible|adjustPan" >
258-->[com.google.android.libraries.places:places:1.1.0] AndroidManifest.xml:22:13-71
259        </activity> <!-- Needs to be explicitly declared on P+ -->
260        <uses-library
260-->[com.google.android.gms:play-services-maps:16.1.0] AndroidManifest.xml:33:9-35:40
261            android:name="org.apache.http.legacy"
261-->[com.google.android.gms:play-services-maps:16.1.0] AndroidManifest.xml:34:13-50
262            android:required="false" />
262-->[com.google.android.gms:play-services-maps:16.1.0] AndroidManifest.xml:35:13-37
263
264        <activity
264-->[com.google.firebase:firebase-auth:17.0.0] AndroidManifest.xml:24:9-31:50
265            android:name="com.google.firebase.auth.internal.FederatedSignInActivity"
265-->[com.google.firebase:firebase-auth:17.0.0] AndroidManifest.xml:25:13-85
266            android:excludeFromRecents="true"
266-->[com.google.firebase:firebase-auth:17.0.0] AndroidManifest.xml:26:13-46
267            android:exported="true"
267-->[com.google.firebase:firebase-auth:17.0.0] AndroidManifest.xml:27:13-36
268            android:launchMode="singleTask"
268-->[com.google.firebase:firebase-auth:17.0.0] AndroidManifest.xml:28:13-44
269            android:permission="com.google.firebase.auth.api.gms.permission.LAUNCH_FEDERATED_SIGN_IN"
269-->[com.google.firebase:firebase-auth:17.0.0] AndroidManifest.xml:29:13-102
270            android:theme="@android:style/Theme.Translucent.NoTitleBar" />
270-->[com.google.firebase:firebase-auth:17.0.0] AndroidManifest.xml:30:13-72
271
272        <service
272-->[com.google.firebase:firebase-auth:17.0.0] AndroidManifest.xml:33:9-39:19
273            android:name="com.google.firebase.components.ComponentDiscoveryService"
273-->[com.google.firebase:firebase-auth:17.0.0] AndroidManifest.xml:34:13-84
274            android:exported="false" >
274-->[com.google.firebase:firebase-auth:17.0.0] AndroidManifest.xml:35:13-37
275            <meta-data
275-->[com.google.firebase:firebase-auth:17.0.0] AndroidManifest.xml:36:13-38:85
276                android:name="com.google.firebase.components:com.google.firebase.auth.FirebaseAuthRegistrar"
276-->[com.google.firebase:firebase-auth:17.0.0] AndroidManifest.xml:37:17-109
277                android:value="com.google.firebase.components.ComponentRegistrar" />
277-->[com.google.firebase:firebase-auth:17.0.0] AndroidManifest.xml:38:17-82
278            <meta-data
278-->[com.google.android.gms:play-services-measurement-api:16.5.0] AndroidManifest.xml:30:13-32:85
279                android:name="com.google.firebase.components:com.google.firebase.analytics.connector.internal.AnalyticsConnectorRegistrar"
279-->[com.google.android.gms:play-services-measurement-api:16.5.0] AndroidManifest.xml:31:17-139
280                android:value="com.google.firebase.components.ComponentRegistrar" />
280-->[com.google.android.gms:play-services-measurement-api:16.5.0] AndroidManifest.xml:32:17-82
281            <meta-data
281-->[com.google.firebase:firebase-iid:18.0.0] AndroidManifest.xml:32:13-34:85
282                android:name="com.google.firebase.components:com.google.firebase.iid.Registrar"
282-->[com.google.firebase:firebase-iid:18.0.0] AndroidManifest.xml:33:17-96
283                android:value="com.google.firebase.components.ComponentRegistrar" />
283-->[com.google.firebase:firebase-iid:18.0.0] AndroidManifest.xml:34:17-82
284        </service>
285        <!--
286             FirebaseMessagingService performs security checks at runtime,
287             but set to not exported to explicitly avoid allowing another app to call it.
288        -->
289        <service
289-->[com.google.firebase:firebase-messaging:18.0.0] AndroidManifest.xml:28:9-34:19
290            android:name="com.google.firebase.messaging.FirebaseMessagingService"
290-->[com.google.firebase:firebase-messaging:18.0.0] AndroidManifest.xml:29:13-82
291            android:exported="false" >
291-->[com.google.firebase:firebase-messaging:18.0.0] AndroidManifest.xml:30:13-37
292            <intent-filter android:priority="-500" >
292-->src\main\AndroidManifest.xml:232:13-234:29
293                <action android:name="com.google.firebase.MESSAGING_EVENT" />
293-->src\main\AndroidManifest.xml:233:17-78
293-->src\main\AndroidManifest.xml:233:25-75
294            </intent-filter>
295        </service>
296
297        <receiver
297-->[com.google.firebase:firebase-iid:18.0.0] AndroidManifest.xml:37:9-44:20
298            android:name="com.google.firebase.iid.FirebaseInstanceIdReceiver"
298-->[com.google.firebase:firebase-iid:18.0.0] AndroidManifest.xml:38:13-78
299            android:exported="true"
299-->[com.google.firebase:firebase-iid:18.0.0] AndroidManifest.xml:39:13-36
300            android:permission="com.google.android.c2dm.permission.SEND" >
300-->[com.google.firebase:firebase-iid:18.0.0] AndroidManifest.xml:40:13-73
301            <intent-filter>
301-->[com.google.firebase:firebase-iid:18.0.0] AndroidManifest.xml:41:13-43:29
302                <action android:name="com.google.android.c2dm.intent.RECEIVE" />
302-->[com.google.firebase:firebase-iid:18.0.0] AndroidManifest.xml:42:17-81
302-->[com.google.firebase:firebase-iid:18.0.0] AndroidManifest.xml:42:25-78
303            </intent-filter>
304        </receiver>
305
306        <activity
306-->[com.google.android.gms:play-services-base:16.1.0] AndroidManifest.xml:23:9-26:75